# JRE version: OpenJDK Runtime Environment (8.0) (build 1.8.0_232b09-201911100920-dcevm8u232b09)
# Java VM: Dynamic Code Evolution 64-Bit Server VM (25.232b09-bdcevm8u23209 mixed mode bsd-amd64 compressed oops)
Heap:
 def new generation   total 157376K, used 19798K [0x00000005c0000000, 0x00000005caac0000, 0x000000066aaa0000)
  eden space 139904K,  14% used [0x00000005c0000000, 0x00000005c1355868, 0x00000005c88a0000)
  from space 17472K,   0% used [0x00000005c99b0000, 0x00000005c99b0000, 0x00000005caac0000)
  to   space 17472K,   0% used [0x00000005c88a0000, 0x00000005c88a0000, 0x00000005c99b0000)
 tenured generation   total 349568K, used 15170K [0x000000066aaa0000, 0x0000000680000000, 0x00000007c0000000)
   the space 349568K,   4% used [0x000000066aaa0000, 0x000000066b970a50, 0x000000066b970c00, 0x0000000680000000)
 Metaspace       used 35122K, capacity 37478K, committed 37760K, reserved 1081344K
  class space    used 5035K, capacity 5477K, committed 5504K, reserved 1048576K
GC Heap History (8 events):
Event: 0.694 GC heap before
{Heap before GC invocations=0 (full 0):
 def new generation   total 157248K, used 139776K [0x00000005c0000000, 0x00000005caaa0000, 0x000000066aaa0000)
  eden space 139776K, 100% used [0x00000005c0000000, 0x00000005c8880000, 0x00000005c8880000)
  from space 17472K,   0% used [0x00000005c8880000, 0x00000005c8880000, 0x00000005c9990000)
  to   space 17472K,   0% used [0x00000005c9990000, 0x00000005c9990000, 0x00000005caaa0000)
 tenured generation   total 349568K, used 0K [0x000000066aaa0000, 0x0000000680000000, 0x00000007c0000000)
   the space 349568K,   0% used [0x000000066aaa0000, 0x000000066aaa0000, 0x000000066aaa0200, 0x0000000680000000)
 Metaspace       used 19075K, capacity 20024K, committed 20096K, reserved 1067008K
  class space    used 2671K, capacity 2874K, committed 2944K, reserved 1048576K
Event: 0.711 GC heap after
Heap after GC invocations=1 (full 0):
 def new generation   total 157248K, used 14607K [0x00000005c0000000, 0x00000005caaa0000, 0x000000066aaa0000)
  eden space 139776K,   0% used [0x00000005c0000000, 0x00000005c0000000, 0x00000005c8880000)
  from space 17472K,  83% used [0x00000005c9990000, 0x00000005ca7d3f60, 0x00000005caaa0000)
  to   space 17472K,   0% used [0x00000005c8880000, 0x00000005c8880000, 0x00000005c9990000)
 tenured generation   total 349568K, used 0K [0x000000066aaa0000, 0x0000000680000000, 0x00000007c0000000)
   the space 349568K,   0% used [0x000000066aaa0000, 0x000000066aaa0000, 0x000000066aaa0200, 0x0000000680000000)
 Metaspace       used 19075K, capacity 20024K, committed 20096K, reserved 1067008K
  class space    used 2671K, capacity 2874K, committed 2944K, reserved 1048576K
}
Event: 0.745 GC heap before
{Heap before GC invocations=1 (full 0):
 def new generation   total 157248K, used 30215K [0x00000005c0000000, 0x00000005caaa0000, 0x000000066aaa0000)
  eden space 139776K,  11% used [0x00000005c0000000, 0x00000005c0f3de10, 0x00000005c8880000)
  from space 17472K,  83% used [0x00000005c9990000, 0x00000005ca7d3f60, 0x00000005caaa0000)
  to   space 17472K,   0% used [0x00000005c8880000, 0x00000005c8880000, 0x00000005c9990000)
 tenured generation   total 349568K, used 0K [0x000000066aaa0000, 0x0000000680000000, 0x00000007c0000000)
   the space 349568K,   0% used [0x000000066aaa0000, 0x000000066aaa0000, 0x000000066aaa0200, 0x0000000680000000)
 Metaspace       used 20249K, capacity 21158K, committed 21248K, reserved 1067008K
  class space    used 2807K, capacity 3011K, committed 3072K, reserved 1048576K
Event: 0.765 GC heap after
Heap after GC invocations=2 (full 1):
 def new generation   total 157376K, used 0K [0x00000005c0000000, 0x00000005caac0000, 0x000000066aaa0000)
  eden space 139904K,   0% used [0x00000005c0000000, 0x00000005c0000000, 0x00000005c88a0000)
  from space 17472K,   0% used [0x00000005c88a0000, 0x00000005c88a0000, 0x00000005c99b0000)
  to   space 17472K,   0% used [0x00000005c99b0000, 0x00000005c99b0000, 0x00000005caac0000)
 tenured generation   total 349568K, used 7431K [0x000000066aaa0000, 0x0000000680000000, 0x00000007c0000000)
   the space 349568K,   2% used [0x000000066aaa0000, 0x000000066b1e1f60, 0x000000066b1e2000, 0x0000000680000000)
 Metaspace       used 20249K, capacity 21158K, committed 21248K, reserved 1067008K
  class space    used 2807K, capacity 3011K, committed 3072K, reserved 1048576K
}
Event: 1.508 GC heap before
{Heap before GC invocations=2 (full 1):
 def new generation   total 157376K, used 139904K [0x00000005c0000000, 0x00000005caac0000, 0x000000066aaa0000)
  eden space 139904K, 100% used [0x00000005c0000000, 0x00000005c88a0000, 0x00000005c88a0000)
  from space 17472K,   0% used [0x00000005c88a0000, 0x00000005c88a0000, 0x00000005c99b0000)
  to   space 17472K,   0% used [0x00000005c99b0000, 0x00000005c99b0000, 0x00000005caac0000)
 tenured generation   total 349568K, used 7431K [0x000000066aaa0000, 0x0000000680000000, 0x00000007c0000000)
   the space 349568K,   2% used [0x000000066aaa0000, 0x000000066b1e1f60, 0x000000066b1e2000, 0x0000000680000000)
 Metaspace       used 31368K, capacity 33266K, committed 33536K, reserved 1077248K
  class space    used 4441K, capacity 4799K, committed 4864K, reserved 1048576K
Event: 1.523 GC heap after
Heap after GC invocations=3 (full 1):
 def new generation   total 157376K, used 14804K [0x00000005c0000000, 0x00000005caac0000, 0x000000066aaa0000)
  eden space 139904K,   0% used [0x00000005c0000000, 0x00000005c0000000, 0x00000005c88a0000)
  from space 17472K,  84% used [0x00000005c99b0000, 0x00000005ca825070, 0x00000005caac0000)
  to   space 17472K,   0% used [0x00000005c88a0000, 0x00000005c88a0000, 0x00000005c99b0000)
 tenured generation   total 349568K, used 7431K [0x000000066aaa0000, 0x0000000680000000, 0x00000007c0000000)
   the space 349568K,   2% used [0x000000066aaa0000, 0x000000066b1e1f60, 0x000000066b1e2000, 0x0000000680000000)
 Metaspace       used 31368K, capacity 33266K, committed 33536K, reserved 1077248K
  class space    used 4441K, capacity 4799K, committed 4864K, reserved 1048576K
}
Event: 16.404 GC heap before
{Heap before GC invocations=3 (full 1):
 def new generation   total 157376K, used 38057K [0x00000005c0000000, 0x00000005caac0000, 0x000000066aaa0000)
  eden space 139904K,  16% used [0x00000005c0000000, 0x00000005c16b56c0, 0x00000005c88a0000)
  from space 17472K,  84% used [0x00000005c99b0000, 0x00000005ca825070, 0x00000005caac0000)
  to   space 17472K,   0% used [0x00000005c88a0000, 0x00000005c88a0000, 0x00000005c99b0000)
 tenured generation   total 349568K, used 7431K [0x000000066aaa0000, 0x0000000680000000, 0x00000007c0000000)
   the space 349568K,   2% used [0x000000066aaa0000, 0x000000066b1e1f60, 0x000000066b1e2000, 0x0000000680000000)
 Metaspace       used 33332K, capacity 35414K, committed 35416K, reserved 1079296K
  class space    used 4737K, capacity 5119K, committed 5120K, reserved 1048576K
Event: 16.443 GC heap after
Heap after GC invocations=4 (full 2):
 def new generation   total 157376K, used 0K [0x00000005c0000000, 0x00000005caac0000, 0x000000066aaa0000)
  eden space 139904K,   0% used [0x00000005c0000000, 0x00000005c0000000, 0x00000005c88a0000)
  from space 17472K,   0% used [0x00000005c99b0000, 0x00000005c99b0000, 0x00000005caac0000)
  to   space 17472K,   0% used [0x00000005c88a0000, 0x00000005c88a0000, 0x00000005c99b0000)
 tenured generation   total 349568K, used 15170K [0x000000066aaa0000, 0x0000000680000000, 0x00000007c0000000)
   the space 349568K,   4% used [0x000000066aaa0000, 0x000000066b970a50, 0x000000066b970c00, 0x0000000680000000)
 Metaspace       used 33332K, capacity 35414K, committed 35416K, reserved 1079296K
  class space    used 4737K, capacity 5119K, committed 5120K, reserved 1048576K
}

