# JRE version: OpenJDK Runtime Environment (8.0) (build 1.8.0_232b09-201911100920-dcevm8u232b09)
# Java VM: Dynamic Code Evolution 64-Bit Server VM (25.232b09-bdcevm8u23209 mixed mode bsd-amd64 compressed oops)
Heap:
 def new generation   total 157376K, used 19798K [0x00000005c0000000, 0x00000005caac0000, 0x000000066aaa0000)
  eden space 139904K,  14% used [0x00000005c0000000, 0x00000005c1355868, 0x00000005c88a0000)
  from space 17472K,   0% used [0x00000005c99b0000, 0x00000005c99b0000, 0x00000005caac0000)
  to   space 17472K,   0% used [0x00000005c88a0000, 0x00000005c88a0000, 0x00000005c99b0000)
 tenured generation   total 349568K, used 15194K [0x000000066aaa0000, 0x0000000680000000, 0x00000007c0000000)
   the space 349568K,   4% used [0x000000066aaa0000, 0x000000066b9769c8, 0x000000066b976a00, 0x0000000680000000)
 Metaspace       used 35124K, capacity 37418K, committed 37504K, reserved 1081344K
  class space    used 5036K, capacity 5477K, committed 5504K, reserved 1048576K
GC Heap History (8 events):
Event: 1.012 GC heap before
{Heap before GC invocations=0 (full 0):
 def new generation   total 157248K, used 139776K [0x00000005c0000000, 0x00000005caaa0000, 0x000000066aaa0000)
  eden space 139776K, 100% used [0x00000005c0000000, 0x00000005c8880000, 0x00000005c8880000)
  from space 17472K,   0% used [0x00000005c8880000, 0x00000005c8880000, 0x00000005c9990000)
  to   space 17472K,   0% used [0x00000005c9990000, 0x00000005c9990000, 0x00000005caaa0000)
 tenured generation   total 349568K, used 0K [0x000000066aaa0000, 0x0000000680000000, 0x00000007c0000000)
   the space 349568K,   0% used [0x000000066aaa0000, 0x000000066aaa0000, 0x000000066aaa0200, 0x0000000680000000)
 Metaspace       used 19021K, capacity 19934K, committed 20096K, reserved 1067008K
  class space    used 2665K, capacity 2865K, committed 2944K, reserved 1048576K
Event: 1.029 GC heap after
Heap after GC invocations=1 (full 0):
 def new generation   total 157248K, used 14550K [0x00000005c0000000, 0x00000005caaa0000, 0x000000066aaa0000)
  eden space 139776K,   0% used [0x00000005c0000000, 0x00000005c0000000, 0x00000005c8880000)
  from space 17472K,  83% used [0x00000005c9990000, 0x00000005ca7c5b58, 0x00000005caaa0000)
  to   space 17472K,   0% used [0x00000005c8880000, 0x00000005c8880000, 0x00000005c9990000)
 tenured generation   total 349568K, used 0K [0x000000066aaa0000, 0x0000000680000000, 0x00000007c0000000)
   the space 349568K,   0% used [0x000000066aaa0000, 0x000000066aaa0000, 0x000000066aaa0200, 0x0000000680000000)
 Metaspace       used 19021K, capacity 19934K, committed 20096K, reserved 1067008K
  class space    used 2665K, capacity 2865K, committed 2944K, reserved 1048576K
}
Event: 1.061 GC heap before
{Heap before GC invocations=1 (full 0):
 def new generation   total 157248K, used 30165K [0x00000005c0000000, 0x00000005caaa0000, 0x000000066aaa0000)
  eden space 139776K,  11% used [0x00000005c0000000, 0x00000005c0f3f938, 0x00000005c8880000)
  from space 17472K,  83% used [0x00000005c9990000, 0x00000005ca7c5b58, 0x00000005caaa0000)
  to   space 17472K,   0% used [0x00000005c8880000, 0x00000005c8880000, 0x00000005c9990000)
 tenured generation   total 349568K, used 0K [0x000000066aaa0000, 0x0000000680000000, 0x00000007c0000000)
   the space 349568K,   0% used [0x000000066aaa0000, 0x000000066aaa0000, 0x000000066aaa0200, 0x0000000680000000)
 Metaspace       used 20249K, capacity 21162K, committed 21248K, reserved 1067008K
  class space    used 2808K, capacity 3011K, committed 3072K, reserved 1048576K
Event: 1.081 GC heap after
Heap after GC invocations=2 (full 1):
 def new generation   total 157376K, used 0K [0x00000005c0000000, 0x00000005caac0000, 0x000000066aaa0000)
  eden space 139904K,   0% used [0x00000005c0000000, 0x00000005c0000000, 0x00000005c88a0000)
  from space 17472K,   0% used [0x00000005c88a0000, 0x00000005c88a0000, 0x00000005c99b0000)
  to   space 17472K,   0% used [0x00000005c99b0000, 0x00000005c99b0000, 0x00000005caac0000)
 tenured generation   total 349568K, used 7413K [0x000000066aaa0000, 0x0000000680000000, 0x00000007c0000000)
   the space 349568K,   2% used [0x000000066aaa0000, 0x000000066b1dd638, 0x000000066b1dd800, 0x0000000680000000)
 Metaspace       used 20249K, capacity 21162K, committed 21248K, reserved 1067008K
  class space    used 2808K, capacity 3011K, committed 3072K, reserved 1048576K
}
Event: 1.869 GC heap before
{Heap before GC invocations=2 (full 1):
 def new generation   total 157376K, used 139904K [0x00000005c0000000, 0x00000005caac0000, 0x000000066aaa0000)
  eden space 139904K, 100% used [0x00000005c0000000, 0x00000005c88a0000, 0x00000005c88a0000)
  from space 17472K,   0% used [0x00000005c88a0000, 0x00000005c88a0000, 0x00000005c99b0000)
  to   space 17472K,   0% used [0x00000005c99b0000, 0x00000005c99b0000, 0x00000005caac0000)
 tenured generation   total 349568K, used 7413K [0x000000066aaa0000, 0x0000000680000000, 0x00000007c0000000)
   the space 349568K,   2% used [0x000000066aaa0000, 0x000000066b1dd638, 0x000000066b1dd800, 0x0000000680000000)
 Metaspace       used 31309K, capacity 33136K, committed 33280K, reserved 1077248K
  class space    used 4430K, capacity 4798K, committed 4864K, reserved 1048576K
Event: 1.883 GC heap after
Heap after GC invocations=3 (full 1):
 def new generation   total 157376K, used 14818K [0x00000005c0000000, 0x00000005caac0000, 0x000000066aaa0000)
  eden space 139904K,   0% used [0x00000005c0000000, 0x00000005c0000000, 0x00000005c88a0000)
  from space 17472K,  84% used [0x00000005c99b0000, 0x00000005ca828b18, 0x00000005caac0000)
  to   space 17472K,   0% used [0x00000005c88a0000, 0x00000005c88a0000, 0x00000005c99b0000)
 tenured generation   total 349568K, used 7413K [0x000000066aaa0000, 0x0000000680000000, 0x00000007c0000000)
   the space 349568K,   2% used [0x000000066aaa0000, 0x000000066b1dd638, 0x000000066b1dd800, 0x0000000680000000)
 Metaspace       used 31309K, capacity 33136K, committed 33280K, reserved 1077248K
  class space    used 4430K, capacity 4798K, committed 4864K, reserved 1048576K
}
Event: 9.394 GC heap before
{Heap before GC invocations=3 (full 1):
 def new generation   total 157376K, used 38067K [0x00000005c0000000, 0x00000005caac0000, 0x000000066aaa0000)
  eden space 139904K,  16% used [0x00000005c0000000, 0x00000005c16b42e8, 0x00000005c88a0000)
  from space 17472K,  84% used [0x00000005c99b0000, 0x00000005ca828b18, 0x00000005caac0000)
  to   space 17472K,   0% used [0x00000005c88a0000, 0x00000005c88a0000, 0x00000005c99b0000)
 tenured generation   total 349568K, used 7413K [0x000000066aaa0000, 0x0000000680000000, 0x00000007c0000000)
   the space 349568K,   2% used [0x000000066aaa0000, 0x000000066b1dd638, 0x000000066b1dd800, 0x0000000680000000)
 Metaspace       used 33315K, capacity 35320K, committed 35416K, reserved 1079296K
  class space    used 4732K, capacity 5086K, committed 5120K, reserved 1048576K
Event: 9.434 GC heap after
Heap after GC invocations=4 (full 2):
 def new generation   total 157376K, used 0K [0x00000005c0000000, 0x00000005caac0000, 0x000000066aaa0000)
  eden space 139904K,   0% used [0x00000005c0000000, 0x00000005c0000000, 0x00000005c88a0000)
  from space 17472K,   0% used [0x00000005c99b0000, 0x00000005c99b0000, 0x00000005caac0000)
  to   space 17472K,   0% used [0x00000005c88a0000, 0x00000005c88a0000, 0x00000005c99b0000)
 tenured generation   total 349568K, used 15194K [0x000000066aaa0000, 0x0000000680000000, 0x00000007c0000000)
   the space 349568K,   4% used [0x000000066aaa0000, 0x000000066b9769c8, 0x000000066b976a00, 0x0000000680000000)
 Metaspace       used 33315K, capacity 35320K, committed 35416K, reserved 1079296K
  class space    used 4732K, capacity 5086K, committed 5120K, reserved 1048576K
}

